#
# There is insufficient memory for the Java Runtime Environment to continue.
# Native memory allocation (malloc) failed to allocate 32744 bytes for ChunkPool::allocate
# Possible reasons:
#   The system is out of physical RAM or swap space
#   The process is running with CompressedOops enabled, and the Java Heap may be blocking the growth of the native heap
# Possible solutions:
#   Reduce memory load on the system
#   Increase physical memory or swap space
#   Check if swap backing store is full
#   Decrease Java heap size (-Xmx/-Xms)
#   Decrease number of Java threads
#   Decrease Java thread stack sizes (-Xss)
#   Set larger code cache with -XX:ReservedCodeCacheSize=
#   JVM is running with Zero Based Compressed Oops mode in which the Java heap is
#     placed in the first 32GB address space. The Java Heap base address is the
#     maximum limit for the native heap growth. Please use -XX:HeapBaseMinAddress
#     to set the Java Heap base and to place the Java Heap above 32GB virtual address.
# This output file may be truncated or incomplete.
#
#  Out of Memory Error (allocation.cpp:272), pid=31700, tid=0x0000000000006f6c
#
# JRE version: OpenJDK Runtime Environment (Zulu 8.50.0.21-CA-win64) (8.0_272-b17) (build 1.8.0_272-b17)
# Java VM: OpenJDK 64-Bit Server VM (25.272-b17 mixed mode windows-amd64 compressed oops)
# Failed to write core dump. Minidumps are not enabled by default on client versions of Windows
#

---------------  T H R E A D  ---------------

Current thread (0x000000001c3e6800):  JavaThread "C1 CompilerThread2" daemon [_thread_in_native, id=28524, stack(0x000000001db30000,0x000000001dc30000)]

Stack: [0x000000001db30000,0x000000001dc30000]
[error occurred during error reporting (printing stack bounds), id 0xc0000005]

Native frames: (J=compiled Java code, j=interpreted, Vv=VM code, C=native code)


Current CompileTask:
C1:   3570 2329       3       org.apache.maven.model.inheritance.DefaultInheritanceAssembler$InheritanceModelMerger::mergePluginContainer_Plugins (430 bytes)


---------------  P R O C E S S  ---------------

Java Threads: ( => current thread )
  0x000000001c42e000 JavaThread "Service Thread" daemon [_thread_blocked, id=22376, stack(0x000000001e030000,0x000000001e130000)]
=>0x000000001c3e6800 JavaThread "C1 CompilerThread2" daemon [_thread_in_native, id=28524, stack(0x000000001db30000,0x000000001dc30000)]
  0x000000001c3df000 JavaThread "C2 CompilerThread1" daemon [_thread_in_native, id=12244, stack(0x000000001da30000,0x000000001db30000)]
  0x000000001c3e4000 JavaThread "C2 CompilerThread0" daemon [_thread_in_native, id=11376, stack(0x000000001d930000,0x000000001da30000)]
  0x000000001c3d8000 JavaThread "Attach Listener" daemon [_thread_blocked, id=9604, stack(0x000000001d830000,0x000000001d930000)]
  0x000000001c3d7000 JavaThread "Signal Dispatcher" daemon [_thread_blocked, id=32108, stack(0x000000001d730000,0x000000001d830000)]
  0x00000000012dd000 JavaThread "Finalizer" daemon [_thread_blocked, id=32388, stack(0x000000001d630000,0x000000001d730000)]
  0x000000001c3b8800 JavaThread "Reference Handler" daemon [_thread_blocked, id=13520, stack(0x000000001d530000,0x000000001d630000)]
  0x00000000011e2800 JavaThread "main" [_thread_in_native, id=13712, stack(0x0000000002c40000,0x0000000002d40000)]

Other Threads:
  0x000000001c396800 VMThread [stack: 0x000000001d430000,0x000000001d530000] [id=596]
  0x000000001c41b000 WatcherThread [stack: 0x000000001e130000,0x000000001e230000] [id=15716]

VM state:not at safepoint (normal execution)

VM Mutex/Monitor currently owned by a thread: None

heap address: 0x00000006c1c00000, size: 4068 MB, Compressed Oops mode: Zero based, Oop shift amount: 3
Narrow klass base: 0x0000000000000000, Narrow klass shift: 3
Compressed class space size: 1073741824 Address: 0x00000007c0000000

Heap:
 PSYoungGen      total 76288K, used 24088K [0x000000076b400000, 0x0000000770900000, 0x00000007c0000000)
  eden space 65536K, 20% used [0x000000076b400000,0x000000076c10bf00,0x000000076f400000)
  from space 10752K, 99% used [0x000000076fe80000,0x00000007708fa1b8,0x0000000770900000)
  to   space 10752K, 0% used [0x000000076f400000,0x000000076f400000,0x000000076fe80000)
 ParOldGen       total 175104K, used 775K [0x00000006c1c00000, 0x00000006cc700000, 0x000000076b400000)
  object space 175104K, 0% used [0x00000006c1c00000,0x00000006c1cc1ce0,0x00000006cc700000)
 Metaspace       used 15098K, capacity 15334K, committed 15488K, reserved 1062912K
  class space    used 1815K, capacity 1913K, committed 1920K, reserved 1048576K

Card table byte_map: [0x00000000122c0000,0x0000000012ac0000] byte_map_base: 0x000000000ecb2000

Marking Bits: (ParMarkBitMap*) 0x0000000059b1bb20
 Begin Bits: [0x0000000013310000, 0x00000000172a0000)
 End Bits:   [0x00000000172a0000, 0x000000001b230000)

Polling page: 0x0000000001000000

CodeCache: size=245760Kb used=8257Kb max_used=8257Kb free=237502Kb
 bounds [0x0000000002f00000, 0x0000000003720000, 0x0000000011f00000]
 total_blobs=2670 nmethods=2322 adapters=258
 compilation: enabled

Compilation events (10 events):
Event: 3.516 Thread 0x000000001c3e6800 nmethod 2323 0x0000000003714e90 code [0x0000000003714fe0, 0x0000000003715150]
Event: 3.552 Thread 0x000000001c3e6800 2325       3       org.apache.maven.model.merge.ModelMerger::getRepositoryKey (6 bytes)
Event: 3.552 Thread 0x000000001c3e6800 nmethod 2325 0x00000000037151d0 code [0x0000000003715340, 0x0000000003715548]
Event: 3.552 Thread 0x000000001c3e6800 2326       3       org.apache.maven.model.merge.MavenModelMerger::getRepositoryBaseKey (5 bytes)
Event: 3.552 Thread 0x000000001c3e6800 nmethod 2326 0x00000000037155d0 code [0x0000000003715720, 0x0000000003715910]
Event: 3.553 Thread 0x000000001c3e6800 2327       1       org.apache.maven.model.Model::getName (5 bytes)
Event: 3.553 Thread 0x000000001c3e6800 nmethod 2327 0x00000000037159d0 code [0x0000000003715b20, 0x0000000003715c30]
Event: 3.553 Thread 0x000000001c3e6800 2328       1       org.apache.maven.model.Model::getIssueManagement (5 bytes)
Event: 3.554 Thread 0x000000001c3e6800 nmethod 2328 0x0000000003715c90 code [0x0000000003715de0, 0x0000000003715ef0]
Event: 3.554 Thread 0x000000001c3e6800 2329       3       org.apache.maven.model.inheritance.DefaultInheritanceAssembler$InheritanceModelMerger::mergePluginContainer_Plugins (430 bytes)

GC Heap History (4 events):
Event: 1.630 GC heap before
{Heap before GC invocations=1 (full 0):
 PSYoungGen      total 76288K, used 65536K [0x000000076b400000, 0x0000000770900000, 0x00000007c0000000)
  eden space 65536K, 100% used [0x000000076b400000,0x000000076f400000,0x000000076f400000)
  from space 10752K, 0% used [0x000000076fe80000,0x000000076fe80000,0x0000000770900000)
  to   space 10752K, 0% used [0x000000076f400000,0x000000076f400000,0x000000076fe80000)
 ParOldGen       total 175104K, used 0K [0x00000006c1c00000, 0x00000006cc700000, 0x000000076b400000)
  object space 175104K, 0% used [0x00000006c1c00000,0x00000006c1c00000,0x00000006cc700000)
 Metaspace       used 11373K, capacity 11528K, committed 11776K, reserved 1058816K
  class space    used 1413K, capacity 1476K, committed 1536K, reserved 1048576K
Event: 1.646 GC heap after
Heap after GC invocations=1 (full 0):
 PSYoungGen      total 76288K, used 9500K [0x000000076b400000, 0x0000000770900000, 0x00000007c0000000)
  eden space 65536K, 0% used [0x000000076b400000,0x000000076b400000,0x000000076f400000)
  from space 10752K, 88% used [0x000000076f400000,0x000000076fd47100,0x000000076fe80000)
  to   space 10752K, 0% used [0x000000076fe80000,0x000000076fe80000,0x0000000770900000)
 ParOldGen       total 175104K, used 16K [0x00000006c1c00000, 0x00000006cc700000, 0x000000076b400000)
  object space 175104K, 0% used [0x00000006c1c00000,0x00000006c1c04000,0x00000006cc700000)
 Metaspace       used 11373K, capacity 11528K, committed 11776K, reserved 1058816K
  class space    used 1413K, capacity 1476K, committed 1536K, reserved 1048576K
}
Event: 3.174 GC heap before
{Heap before GC invocations=2 (full 0):
 PSYoungGen      total 76288K, used 75036K [0x000000076b400000, 0x0000000770900000, 0x00000007c0000000)
  eden space 65536K, 100% used [0x000000076b400000,0x000000076f400000,0x000000076f400000)
  from space 10752K, 88% used [0x000000076f400000,0x000000076fd47100,0x000000076fe80000)
  to   space 10752K, 0% used [0x000000076fe80000,0x000000076fe80000,0x0000000770900000)
 ParOldGen       total 175104K, used 16K [0x00000006c1c00000, 0x00000006cc700000, 0x000000076b400000)
  object space 175104K, 0% used [0x00000006c1c00000,0x00000006c1c04000,0x00000006cc700000)
 Metaspace       used 14875K, capacity 15110K, committed 15232K, reserved 1062912K
  class space    used 1795K, capacity 1881K, committed 1920K, reserved 1048576K
Event: 3.212 GC heap after
Heap after GC invocations=2 (full 0):
 PSYoungGen      total 76288K, used 10728K [0x000000076b400000, 0x0000000770900000, 0x00000007c0000000)
  eden space 65536K, 0% used [0x000000076b400000,0x000000076b400000,0x000000076f400000)
  from space 10752K, 99% used [0x000000076fe80000,0x00000007708fa1b8,0x0000000770900000)
  to   space 10752K, 0% used [0x000000076f400000,0x000000076f400000,0x000000076fe80000)
 ParOldGen       total 175104K, used 775K [0x00000006c1c00000, 0x00000006cc700000, 0x000000076b400000)
  object space 175104K, 0% used [0x00000006c1c00000,0x00000006c1cc1ce0,0x00000006cc700000)
 Metaspace       used 14875K, capacity 15110K, committed 15232K, reserved 1062912K
  class space    used 1795K, capacity 1881K, committed 1920K, reserved 1048576K
}

Deoptimization events (10 events):
Event: 2.458 Thread 0x00000000011e2800 Uncommon trap: reason=unstable_if action=reinterpret pc=0x00000000031bd9f4 method=sun.nio.cs.UTF_8$Decoder.decodeArrayLoop(Ljava/nio/ByteBuffer;Ljava/nio/CharBuffer;)Ljava/nio/charset/CoderResult; @ 84
Event: 2.483 Thread 0x00000000011e2800 Uncommon trap: reason=unstable_if action=reinterpret pc=0x00000000034cc584 method=java.lang.String.trim()Ljava/lang/String; @ 63
Event: 2.496 Thread 0x00000000011e2800 Uncommon trap: reason=null_check action=make_not_entrant pc=0x00000000034edbf4 method=org.apache.maven.model.io.xpp3.MavenXpp3ReaderEx.checkFieldWithDuplicate(Lorg/codehaus/plexus/util/xml/pull/XmlPullParser;Ljava/lang/String;Ljava/lang/String;Ljava/util/
Event: 2.517 Thread 0x00000000011e2800 Uncommon trap: reason=unstable_if action=reinterpret pc=0x0000000003475a68 method=java.lang.String.regionMatches(ZILjava/lang/String;II)Z @ 25
Event: 2.539 Thread 0x00000000011e2800 Uncommon trap: reason=unstable_if action=reinterpret pc=0x00000000034f21d4 method=org.codehaus.plexus.util.xml.pull.MXParser.nextImpl()I @ 879
Event: 2.656 Thread 0x00000000011e2800 Uncommon trap: reason=unstable_if action=reinterpret pc=0x0000000003535d88 method=org.codehaus.plexus.util.xml.pull.MXParser.nextImpl()I @ 972
Event: 2.668 Thread 0x00000000011e2800 Uncommon trap: reason=unstable_if action=reinterpret pc=0x00000000032285bc method=sun.nio.cs.UTF_8$Decoder.decode([BII[C)I @ 30
Event: 3.233 Thread 0x00000000011e2800 Uncommon trap: reason=unstable_if action=reinterpret pc=0x00000000036d93cc method=java.util.IdentityHashMap.nextKeyIndex(II)I @ 4
Event: 3.472 Thread 0x00000000011e2800 Uncommon trap: reason=unstable_if action=reinterpret pc=0x0000000003231928 method=java.util.HashMap.hash(Ljava/lang/Object;)I @ 1
Event: 3.474 Thread 0x00000000011e2800 Uncommon trap: reason=unstable_if action=reinterpret pc=0x00000000032aaaa8 method=java.util.HashMap.hash(Ljava/lang/Object;)I @ 1

Classes redefined (0 events):
No events

Internal exceptions (10 events):
Event: 2.186 Thread 0x00000000011e2800 Exception <a 'java/lang/NullPointerException'> (0x000000076c3612e8) thrown at [C:\jenkins\workspace\zulu8-silver-build-win64\zulu-src\hotspot\src\share\vm\interpreter\linkResolver.cpp, line 1185]
Event: 2.186 Thread 0x00000000011e2800 Exception <a 'java/lang/NullPointerException'> (0x000000076c361500) thrown at [C:\jenkins\workspace\zulu8-silver-build-win64\zulu-src\hotspot\src\share\vm\interpreter\linkResolver.cpp, line 1185]
Event: 2.188 Thread 0x00000000011e2800 Exception <a 'java/lang/NullPointerException'> (0x000000076c3792f8) thrown at [C:\jenkins\workspace\zulu8-silver-build-win64\zulu-src\hotspot\src\share\vm\interpreter\linkResolver.cpp, line 1185]
Event: 2.188 Thread 0x00000000011e2800 Exception <a 'java/lang/NullPointerException'> (0x000000076c379510) thrown at [C:\jenkins\workspace\zulu8-silver-build-win64\zulu-src\hotspot\src\share\vm\interpreter\linkResolver.cpp, line 1185]
Event: 2.188 Thread 0x00000000011e2800 Exception <a 'java/lang/NullPointerException'> (0x000000076c379728) thrown at [C:\jenkins\workspace\zulu8-silver-build-win64\zulu-src\hotspot\src\share\vm\interpreter\linkResolver.cpp, line 1185]
Event: 2.234 Thread 0x00000000011e2800 Implicit null exception at 0x000000000312a096 to 0x000000000312a441
Event: 2.234 Thread 0x00000000011e2800 Implicit null exception at 0x000000000310c754 to 0x000000000310cb21
Event: 2.496 Thread 0x00000000011e2800 Implicit null exception at 0x00000000034ec8af to 0x00000000034edbdd
Event: 3.472 Thread 0x00000000011e2800 Implicit null exception at 0x0000000003231715 to 0x0000000003231919
Event: 3.474 Thread 0x00000000011e2800 Implicit null exception at 0x00000000032aaa2f to 0x00000000032aaa99

Events (10 events):
Event: 3.393 loading class org/apache/maven/repository/internal/DefaultModelCache$Key
Event: 3.393 loading class org/apache/maven/repository/internal/DefaultModelCache$Key done
Event: 3.469 loading class org/codehaus/plexus/component/repository/ComponentDependency
Event: 3.469 loading class org/codehaus/plexus/component/repository/ComponentDependency done
Event: 3.472 Thread 0x00000000011e2800 Uncommon trap: trap_request=0xffffff65 fr.pc=0x0000000003231928
Event: 3.472 Thread 0x00000000011e2800 DEOPT PACKING pc=0x0000000003231928 sp=0x0000000002d3e4f0
Event: 3.472 Thread 0x00000000011e2800 DEOPT UNPACKING pc=0x0000000002f4567b sp=0x0000000002d3e438 mode 2
Event: 3.474 Thread 0x00000000011e2800 Uncommon trap: trap_request=0xffffff65 fr.pc=0x00000000032aaaa8
Event: 3.474 Thread 0x00000000011e2800 DEOPT PACKING pc=0x00000000032aaaa8 sp=0x0000000002d3e4a0
Event: 3.474 Thread 0x00000000011e2800 DEOPT UNPACKING pc=0x0000000002f4567b sp=0x0000000002d3e440 mode 2


Dynamic libraries:
0x00007ff7f78b0000 - 0x00007ff7f78e5000 	C:\Program Files\Zulu\zulu-8\bin\javaw.exe
0x00007ffb483a0000 - 0x00007ffb4857b000 	C:\WINDOWS\SYSTEM32\ntdll.dll
0x00007ffb47b80000 - 0x00007ffb47c2e000 	C:\WINDOWS\System32\KERNEL32.DLL
0x00007ffb44cd0000 - 0x00007ffb44f1a000 	C:\WINDOWS\System32\KERNELBASE.dll
0x00007ffb46190000 - 0x00007ffb46231000 	C:\WINDOWS\System32\ADVAPI32.dll
0x00007ffb47ec0000 - 0x00007ffb47f5d000 	C:\WINDOWS\System32\msvcrt.dll
0x00007ffb46100000 - 0x00007ffb46159000 	C:\WINDOWS\System32\sechost.dll
0x00007ffb45c10000 - 0x00007ffb45d35000 	C:\WINDOWS\System32\RPCRT4.dll
0x00007ffb47a30000 - 0x00007ffb47b7a000 	C:\WINDOWS\System32\USER32.dll
0x00007ffb45750000 - 0x00007ffb4576e000 	C:\WINDOWS\System32\win32u.dll
0x00007ffb46160000 - 0x00007ffb46187000 	C:\WINDOWS\System32\GDI32.dll
0x00007ffb45770000 - 0x00007ffb458f8000 	C:\WINDOWS\System32\gdi32full.dll
0x00007ffb448b0000 - 0x00007ffb4494a000 	C:\WINDOWS\System32\msvcp_win.dll
0x00007ffb44bd0000 - 0x00007ffb44cc4000 	C:\WINDOWS\System32\ucrtbase.dll
0x00007ffb2bd70000 - 0x00007ffb2bfd7000 	C:\WINDOWS\WinSxS\amd64_microsoft.windows.common-controls_6595b64144ccf1df_6.0.15063.1897_none_40cb64bd29a40d00\COMCTL32.dll
0x00007ffb45900000 - 0x00007ffb45bf6000 	C:\WINDOWS\System32\combase.dll
0x00007ffb44fd0000 - 0x00007ffb45045000 	C:\WINDOWS\System32\bcryptPrimitives.dll
0x00007ffb47a00000 - 0x00007ffb47a2d000 	C:\WINDOWS\System32\IMM32.DLL
0x0000000001400000 - 0x0000000001412000 	C:\WINDOWS\System32\umppc13213.dll
0x0000000058ea0000 - 0x0000000058f72000 	C:\Program Files\Zulu\zulu-8\jre\bin\msvcr100.dll
0x00000000592e0000 - 0x0000000059b9d000 	C:\Program Files\Zulu\zulu-8\jre\bin\server\jvm.dll
0x00007ffb45c00000 - 0x00007ffb45c08000 	C:\WINDOWS\System32\PSAPI.DLL
0x00007ffb33810000 - 0x00007ffb33819000 	C:\WINDOWS\SYSTEM32\WSOCK32.dll
0x00007ffb47820000 - 0x00007ffb4788c000 	C:\WINDOWS\System32\WS2_32.dll
0x00007ffb41290000 - 0x00007ffb412b3000 	C:\WINDOWS\SYSTEM32\WINMM.dll
0x00007ffb33820000 - 0x00007ffb3382a000 	C:\WINDOWS\SYSTEM32\VERSION.dll
0x00007ffb411b0000 - 0x00007ffb411db000 	C:\WINDOWS\SYSTEM32\WINMMBASE.dll
0x00007ffb44950000 - 0x00007ffb44999000 	C:\WINDOWS\System32\cfgmgr32.dll
0x00007ffb41760000 - 0x00007ffb4176f000 	C:\Program Files\Zulu\zulu-8\jre\bin\verify.dll
0x00007ffb35930000 - 0x00007ffb35959000 	C:\Program Files\Zulu\zulu-8\jre\bin\java.dll
0x00007ffb3a6b0000 - 0x00007ffb3a6c6000 	C:\Program Files\Zulu\zulu-8\jre\bin\zip.dll
0x00007ffb463e0000 - 0x00007ffb47818000 	C:\WINDOWS\System32\SHELL32.dll
0x00007ffb47e10000 - 0x00007ffb47eba000 	C:\WINDOWS\System32\shcore.dll
0x00007ffb45050000 - 0x00007ffb45741000 	C:\WINDOWS\System32\windows.storage.dll
0x00007ffb46240000 - 0x00007ffb46291000 	C:\WINDOWS\System32\shlwapi.dll
0x00007ffb44820000 - 0x00007ffb44831000 	C:\WINDOWS\System32\kernel.appcore.dll
0x00007ffb44840000 - 0x00007ffb4488c000 	C:\WINDOWS\System32\powrprof.dll
0x00007ffb44890000 - 0x00007ffb448a5000 	C:\WINDOWS\System32\profapi.dll
0x00007ffb36e40000 - 0x00007ffb36e5b000 	C:\Program Files\Zulu\zulu-8\jre\bin\net.dll
0x00007ffb440a0000 - 0x00007ffb440fc000 	C:\WINDOWS\system32\mswsock.dll
0x00007ffb35910000 - 0x00007ffb35921000 	C:\Program Files\Zulu\zulu-8\jre\bin\nio.dll

VM Arguments:
jvm_args: -Dmaven.home=EMBEDDED -Dclassworlds.conf=C:\Users\X163077\Documents\Edu Center\Angular\Auth\backend\.metadata\.plugins\org.eclipse.m2e.launching\launches\m2conf3499325350595678725.tmp -Dmaven.multiModuleProjectDirectory=C:\Users\X163077\Documents\Edu Center\Angular\Auth\backend\backend -Dfile.encoding=Cp1252 
java_command: org.codehaus.plexus.classworlds.launcher.Launcher -Ppom.xml -B clean install
java_class_path (initial): C:\Users\X163077\Downloads\sts-bundle\sts-3.9.5.RELEASE\plugins\org.eclipse.m2e.maven.runtime_1.9.0.20180606-2035\jars\plexus-classworlds-2.5.2.jar
Launcher Type: SUN_STANDARD

Environment Variables:
JAVA_HOME=C:\Program Files\Zulu\zulu-8
USERNAME=A1072619
OS=Windows_NT
PROCESSOR_IDENTIFIER=Intel64 Family 6 Model 78 Stepping 3, GenuineIntel



---------------  S Y S T E M  ---------------

OS: Windows 10.0 , 64 bit Build 15063 (10.0.15063.1805)

CPU:total 4 (initial active 4) (2 cores per cpu, 2 threads per core) family 6 model 78 stepping 3, cmov, cx8, fxsr, mmx, sse, sse2, sse3, ssse3, sse4.1, sse4.2, popcnt, avx, avx2, aes, clmul, erms, rtm, 3dnowpref, lzcnt, ht, tsc, tscinvbit, bmi1, bmi2, adx

Memory: 4k page, physical 16654940k(1209100k free), swap 32680852k(5704k free)

vm_info: OpenJDK 64-Bit Server VM (25.272-b17) for windows-amd64 JRE (Zulu 8.50.0.21-CA-win64) (1.8.0_272-b17), built on Oct 13 2020 13:00:31 by "tester" with MS VC++ 10.0 (VS2010)

time: Thu Apr 08 10:42:45 2021
timezone: India Standard Time
elapsed time: 3.629290 seconds (0d 0h 0m 3s)

